Use of uninitialized value $version in concatenation (.) or string at ./chtcinnerwrapper line 103, <MA> line 221.
What do we have for version? <>
--version should be used for Matlab, R and Python
Controls: <do.sh>
Use of uninitialized value $tarball in concatenation (.) or string at ./chtcinnerwrapper line 280.
Use of uninitialized value $installfrom in concatenation (.) or string at ./chtcinnerwrapper line 280.
Running: <Other   sh 551.2 do.sh>
Running here: e166.chtc.wisc.edu
TMP=/var/lib/condor/execute/slot5/dir_30269
_CONDOR_JOB_IWD=/var/lib/condor/execute/slot5/dir_30269
_CONDOR_SLOT=slot5
_CONDOR_MACHINE_AD=/var/lib/condor/execute/slot5/dir_30269/.machine.ad
TEMP=/var/lib/condor/execute/slot5/dir_30269
TMPDIR=/var/lib/condor/execute/slot5/dir_30269
_CONDOR_SCRATCH_DIR=/var/lib/condor/execute/slot5/dir_30269
_CONDOR_JOB_AD=/var/lib/condor/execute/slot5/dir_30269/.job.ad
_CONDOR_JOB_PIDS=
PATH=/usr/local/bin:/usr/kerberos/bin:/usr/bin:/bin


 ******** My Verison = <<<<1.08>>>> 

Starting to run <sh> <551.2> <do.sh>
Use of uninitialized value $tarball in concatenation (.) or string at ./chtcinnerwrapper line 306.
Use of uninitialized value $installfrom in concatenation (.) or string at ./chtcinnerwrapper line 306.
Using <Other> <> <>
Filesystem           1K-blocks      Used Available Use% Mounted on
/dev/sda6            900198956  59175716 841023240   7% /var/lib/condor/execute
/var/lib/condor/execute/slot5/dir_30269
URL: <<http://proxy.chtc.wisc.edu/SQUID/>>
Curl attempt:<curl -H "Pragma:" --fail -o SLIBS1.tar.gz http://proxy.chtc.wisc.edu/SQUID/SLIBS1.tar.gz>
  % Total    % Received % Xferd  Average Speed   Time    Time     Time  Current
                                 Dload  Upload   Total   Spent    Left  Speed
  0     0    0     0    0     0      0      0 --:--:-- --:--:-- --:--:--     0100 4593k  100 4593k    0     0  87.3M      0 --:--:-- --:--:-- --:--:-- 91.5M
Curl result <0>
TYPE = Other, checking for operating system dependent bin for<sl6>
In HandleSl5Sl6Bins for OS <sl6> ******************************************
/var/lib/condor/execute/slot5/dir_30269
AuditLog.551.2
CURLTIME_30323
ChtcWrapper551.2.out
SLIBS1.tar.gz
SS
_condor_stderr
_condor_stdout
chtcinnerwrapper
condor_exec.exe
cuneiform-page-0001.html
cuneiform-page-0002.html
cuneiform-page-0003.html
cuneiform-page-0004.html
cuneiform-page-0005.html
cuneiform-page-0006.html
cuneiform-page-0007.html
cuneiform-page-0008.html
cuneiform-page-0009.html
cuneiform-page-0010.html
cuneiform-page-0011.html
cuneiform-page-0012.html
cuneiform-page-0013.html
cuneiform-page-0014.html
cuneiform-page-0015.html
cuneiform-page-0016.html
cuneiform-page-0017.html
cuneiform-page-0018.html
cuneiform-page-0019.html
cuneiform-page-0020.html
cuneiform-page-0021.html
cuneiform-page-0022.html
cuneiform-page-0023.html
cuneiform-page-0024.html
cuneiform-page-0025.html
cuneiform-page-0026.html
cuneiform-page-0027.html
cuneiform-page-0028.html
cuneiform-page-0029.html
cuneiform-page-0030.html
cuneiform-page-0031.html
cuneiform-page-0032.html
cuneiform-page-0033.html
cuneiform-page-0034.html
cuneiform-page-0035.html
cuneiform-page-0036.html
cuneiform-page-0037.html
cuneiform-page-0038.html
cuneiform-page-0039.html
cuneiform-page-0040.html
cuneiform_fonttype
do.sh
input.text
looking to untar <sl6bin.tar.gz> ********************************************
looking for bin <sl6bin> ********************************************
HASHBIN has value ZERO ???????????????? *************************
version not defined. No runtime needed. Moving on.
SANDBOX SPACE:
23M	.
Tar file to extract is <551.2.tar.gz>
Use of uninitialized value in concatenation (.) or string at ./chtcinnerwrapper line 670.
Running here: e166.chtc.wisc.edu
TMP=/var/lib/condor/execute/slot5/dir_30269
_CONDOR_JOB_IWD=/var/lib/condor/execute/slot5/dir_30269
_CONDOR_SLOT=slot5
_CONDOR_MACHINE_AD=/var/lib/condor/execute/slot5/dir_30269/.machine.ad
TEMP=/var/lib/condor/execute/slot5/dir_30269
TMPDIR=/var/lib/condor/execute/slot5/dir_30269
_CONDOR_SCRATCH_DIR=/var/lib/condor/execute/slot5/dir_30269
_CONDOR_JOB_AD=/var/lib/condor/execute/slot5/dir_30269/.job.ad
_CONDOR_JOB_PIDS=
PATH=.:/usr/local/bin:/usr/kerberos/bin:/usr/bin:/bin
LD_LIBRARY_PATH=/var/lib/condor/execute/slot5/dir_30269/SS:
SANDBOX SPACE:
23M	.
total 8800
-rw-r--r-- 1 slot5 slot5     115 Oct 28 13:59 AuditLog.551.2
-rw-r--r-- 1 slot5 slot5     118 Oct 28 13:59 CURLTIME_30323
-rw-r--r-- 1 slot5 slot5    4279 Oct 28 13:59 ChtcWrapper551.2.out
-rw-r--r-- 1 slot5 slot5 4703655 Oct 28 13:59 SLIBS1.tar.gz
drwxr-xr-x 2 slot5 slot5    4096 Oct 25  2011 SS
-rw------- 1 slot5 slot5     317 Oct 28 13:59 _condor_stderr
-rw------- 1 slot5 slot5     710 Oct 28 13:59 _condor_stdout
-rwxr-xr-x 1 slot5 slot5   35251 Oct 28 13:59 chtcinnerwrapper
-rwxr-xr-x 1 slot5 slot5    5393 Oct 28 13:58 condor_exec.exe
-rwxr-xr-x 1 slot5 slot5  128294 Oct 28 13:58 cuneiform-page-0001.html
-rwxr-xr-x 1 slot5 slot5   80032 Oct 28 13:58 cuneiform-page-0002.html
-rwxr-xr-x 1 slot5 slot5  150971 Oct 28 13:58 cuneiform-page-0003.html
-rwxr-xr-x 1 slot5 slot5   15204 Oct 28 13:58 cuneiform-page-0004.html
-rwxr-xr-x 1 slot5 slot5  100915 Oct 28 13:58 cuneiform-page-0005.html
-rwxr-xr-x 1 slot5 slot5   32425 Oct 28 13:58 cuneiform-page-0006.html
-rwxr-xr-x 1 slot5 slot5  124769 Oct 28 13:58 cuneiform-page-0007.html
-rwxr-xr-x 1 slot5 slot5   67634 Oct 28 13:58 cuneiform-page-0008.html
-rwxr-xr-x 1 slot5 slot5   59382 Oct 28 13:58 cuneiform-page-0009.html
-rwxr-xr-x 1 slot5 slot5  126926 Oct 28 13:58 cuneiform-page-0010.html
-rwxr-xr-x 1 slot5 slot5  126160 Oct 28 13:58 cuneiform-page-0011.html
-rwxr-xr-x 1 slot5 slot5  143226 Oct 28 13:58 cuneiform-page-0012.html
-rwxr-xr-x 1 slot5 slot5   42435 Oct 28 13:58 cuneiform-page-0013.html
-rwxr-xr-x 1 slot5 slot5   24128 Oct 28 13:58 cuneiform-page-0014.html
-rwxr-xr-x 1 slot5 slot5   60206 Oct 28 13:58 cuneiform-page-0015.html
-rwxr-xr-x 1 slot5 slot5   74422 Oct 28 13:58 cuneiform-page-0016.html
-rwxr-xr-x 1 slot5 slot5   19866 Oct 28 13:58 cuneiform-page-0017.html
-rwxr-xr-x 1 slot5 slot5   75988 Oct 28 13:58 cuneiform-page-0018.html
-rwxr-xr-x 1 slot5 slot5   22364 Oct 28 13:58 cuneiform-page-0019.html
-rwxr-xr-x 1 slot5 slot5   73966 Oct 28 13:58 cuneiform-page-0020.html
-rwxr-xr-x 1 slot5 slot5   18196 Oct 28 13:58 cuneiform-page-0021.html
-rwxr-xr-x 1 slot5 slot5   83165 Oct 28 13:58 cuneiform-page-0022.html
-rwxr-xr-x 1 slot5 slot5   88832 Oct 28 13:58 cuneiform-page-0023.html
-rwxr-xr-x 1 slot5 slot5   25248 Oct 28 13:58 cuneiform-page-0024.html
-rwxr-xr-x 1 slot5 slot5   21622 Oct 28 13:58 cuneiform-page-0025.html
-rwxr-xr-x 1 slot5 slot5   24750 Oct 28 13:58 cuneiform-page-0026.html
-rwxr-xr-x 1 slot5 slot5   21030 Oct 28 13:58 cuneiform-page-0027.html
-rwxr-xr-x 1 slot5 slot5   54576 Oct 28 13:58 cuneiform-page-0028.html
-rwxr-xr-x 1 slot5 slot5   25546 Oct 28 13:58 cuneiform-page-0029.html
-rwxr-xr-x 1 slot5 slot5   62960 Oct 28 13:58 cuneiform-page-0030.html
-rwxr-xr-x 1 slot5 slot5   30334 Oct 28 13:58 cuneiform-page-0031.html
-rwxr-xr-x 1 slot5 slot5   75831 Oct 28 13:58 cuneiform-page-0032.html
-rwxr-xr-x 1 slot5 slot5   18355 Oct 28 13:58 cuneiform-page-0033.html
-rwxr-xr-x 1 slot5 slot5   57984 Oct 28 13:58 cuneiform-page-0034.html
-rwxr-xr-x 1 slot5 slot5   20774 Oct 28 13:58 cuneiform-page-0035.html
-rwxr-xr-x 1 slot5 slot5   86741 Oct 28 13:58 cuneiform-page-0036.html
-rwxr-xr-x 1 slot5 slot5   22458 Oct 28 13:58 cuneiform-page-0037.html
-rwxr-xr-x 1 slot5 slot5   67214 Oct 28 13:58 cuneiform-page-0038.html
-rwxr-xr-x 1 slot5 slot5   17942 Oct 28 13:58 cuneiform-page-0039.html
-rwxr-xr-x 1 slot5 slot5   17170 Oct 28 13:58 cuneiform-page-0040.html
drwxr-xr-x 2 slot5 slot5      31 Oct 28 13:58 cuneiform_fonttype
-rw-r--r-- 1 slot5 slot5      94 Oct 28 13:58 do.sh
-rwxr-xr-x 1 slot5 slot5 1565655 Oct 28 13:58 input.text
chmod: cannot access `sh': No such file or directory
/bin/sleep
about to execute <<sh do.sh>>
SANDBOX SPACE:
28M	.
Done Running 551.2 /var/lib/condor/execute/slot5/dir_30269 Result was <0>
Results are:total 9712
-rw-r--r-- 1 slot5 slot5     262 Oct 28 13:59 AuditLog.551.2
-rw-r--r-- 1 slot5 slot5     118 Oct 28 13:59 CURLTIME_30323
-rw-r--r-- 1 slot5 slot5    8050 Oct 28 13:59 ChtcWrapper551.2.out
-rw-r--r-- 1 slot5 slot5 4703655 Oct 28 13:59 SLIBS1.tar.gz
drwxr-xr-x 2 slot5 slot5    4096 Oct 25  2011 SS
-rw------- 1 slot5 slot5     317 Oct 28 13:59 _condor_stderr
-rw------- 1 slot5 slot5     710 Oct 28 13:59 _condor_stdout
-rwxr-xr-x 1 slot5 slot5   35251 Oct 28 13:59 chtcinnerwrapper
-rwxr-xr-x 1 slot5 slot5    5393 Oct 28 13:58 condor_exec.exe
-rwxr-xr-x 1 slot5 slot5  128294 Oct 28 13:59 cuneiform-page-0001.html
-rwxr-xr-x 1 slot5 slot5   80032 Oct 28 13:59 cuneiform-page-0002.html
-rwxr-xr-x 1 slot5 slot5  150971 Oct 28 13:59 cuneiform-page-0003.html
-rwxr-xr-x 1 slot5 slot5   15204 Oct 28 13:59 cuneiform-page-0004.html
-rwxr-xr-x 1 slot5 slot5  100915 Oct 28 13:59 cuneiform-page-0005.html
-rwxr-xr-x 1 slot5 slot5   32425 Oct 28 13:59 cuneiform-page-0006.html
-rwxr-xr-x 1 slot5 slot5  124769 Oct 28 13:59 cuneiform-page-0007.html
-rwxr-xr-x 1 slot5 slot5   67634 Oct 28 13:59 cuneiform-page-0008.html
-rwxr-xr-x 1 slot5 slot5   59382 Oct 28 13:59 cuneiform-page-0009.html
-rwxr-xr-x 1 slot5 slot5  126926 Oct 28 13:59 cuneiform-page-0010.html
-rwxr-xr-x 1 slot5 slot5  126160 Oct 28 13:59 cuneiform-page-0011.html
-rwxr-xr-x 1 slot5 slot5  143226 Oct 28 13:59 cuneiform-page-0012.html
-rwxr-xr-x 1 slot5 slot5   42435 Oct 28 13:59 cuneiform-page-0013.html
-rwxr-xr-x 1 slot5 slot5   24128 Oct 28 13:59 cuneiform-page-0014.html
-rwxr-xr-x 1 slot5 slot5   60206 Oct 28 13:59 cuneiform-page-0015.html
-rwxr-xr-x 1 slot5 slot5   74422 Oct 28 13:59 cuneiform-page-0016.html
-rwxr-xr-x 1 slot5 slot5   19866 Oct 28 13:59 cuneiform-page-0017.html
-rwxr-xr-x 1 slot5 slot5   75988 Oct 28 13:59 cuneiform-page-0018.html
-rwxr-xr-x 1 slot5 slot5   22364 Oct 28 13:59 cuneiform-page-0019.html
-rwxr-xr-x 1 slot5 slot5   73966 Oct 28 13:59 cuneiform-page-0020.html
-rwxr-xr-x 1 slot5 slot5   18196 Oct 28 13:59 cuneiform-page-0021.html
-rwxr-xr-x 1 slot5 slot5   83165 Oct 28 13:59 cuneiform-page-0022.html
-rwxr-xr-x 1 slot5 slot5   88832 Oct 28 13:59 cuneiform-page-0023.html
-rwxr-xr-x 1 slot5 slot5   25248 Oct 28 13:59 cuneiform-page-0024.html
-rwxr-xr-x 1 slot5 slot5   21622 Oct 28 13:59 cuneiform-page-0025.html
-rwxr-xr-x 1 slot5 slot5   24750 Oct 28 13:59 cuneiform-page-0026.html
-rwxr-xr-x 1 slot5 slot5   21030 Oct 28 13:59 cuneiform-page-0027.html
-rwxr-xr-x 1 slot5 slot5   54576 Oct 28 13:59 cuneiform-page-0028.html
-rwxr-xr-x 1 slot5 slot5   25546 Oct 28 13:59 cuneiform-page-0029.html
-rwxr-xr-x 1 slot5 slot5   62960 Oct 28 13:59 cuneiform-page-0030.html
-rwxr-xr-x 1 slot5 slot5   30334 Oct 28 13:59 cuneiform-page-0031.html
-rwxr-xr-x 1 slot5 slot5   75831 Oct 28 13:59 cuneiform-page-0032.html
-rwxr-xr-x 1 slot5 slot5   18355 Oct 28 13:59 cuneiform-page-0033.html
-rwxr-xr-x 1 slot5 slot5   57984 Oct 28 13:59 cuneiform-page-0034.html
-rwxr-xr-x 1 slot5 slot5   20774 Oct 28 13:59 cuneiform-page-0035.html
-rwxr-xr-x 1 slot5 slot5   86741 Oct 28 13:59 cuneiform-page-0036.html
-rwxr-xr-x 1 slot5 slot5   22458 Oct 28 13:59 cuneiform-page-0037.html
-rwxr-xr-x 1 slot5 slot5   67214 Oct 28 13:59 cuneiform-page-0038.html
-rwxr-xr-x 1 slot5 slot5   17942 Oct 28 13:59 cuneiform-page-0039.html
-rwxr-xr-x 1 slot5 slot5   17170 Oct 28 13:59 cuneiform-page-0040.html
drwxr-xr-x 2 slot5 slot5      31 Oct 28 13:58 cuneiform_fonttype
-rw-r--r-- 1 slot5 slot5      94 Oct 28 13:58 do.sh
-rw-r--r-- 1 slot5 slot5  928559 Oct 28 13:59 fonts.text
-rwxr-xr-x 1 slot5 slot5 1565655 Oct 28 13:59 input.text
drwxr-xr-x 2 slot5 slot5    4096 Oct 28 13:59 rs
