Use of uninitialized value $version in concatenation (.) or string at ./chtcinnerwrapper line 103, <MA> line 221.
What do we have for version? <>
--version should be used for Matlab, R and Python
Controls: <do.sh>
Use of uninitialized value $tarball in concatenation (.) or string at ./chtcinnerwrapper line 280.
Use of uninitialized value $installfrom in concatenation (.) or string at ./chtcinnerwrapper line 280.
Running: <Other   sh 32360.2 do.sh>
Running here: e187.chtc.wisc.edu
TMP=/var/lib/condor/execute/slot3/dir_20880
_CONDOR_JOB_IWD=/var/lib/condor/execute/slot3/dir_20880
_CONDOR_SLOT=slot3
_CONDOR_MACHINE_AD=/var/lib/condor/execute/slot3/dir_20880/.machine.ad
TEMP=/var/lib/condor/execute/slot3/dir_20880
TMPDIR=/var/lib/condor/execute/slot3/dir_20880
_CONDOR_SCRATCH_DIR=/var/lib/condor/execute/slot3/dir_20880
_CONDOR_JOB_AD=/var/lib/condor/execute/slot3/dir_20880/.job.ad
_CONDOR_JOB_PIDS=
PATH=/usr/local/bin:/usr/kerberos/bin:/usr/bin:/bin


 ******** My Verison = <<<<1.08>>>> 

Starting to run <sh> <32360.2> <do.sh>
Use of uninitialized value $tarball in concatenation (.) or string at ./chtcinnerwrapper line 306.
Use of uninitialized value $installfrom in concatenation (.) or string at ./chtcinnerwrapper line 306.
Using <Other> <> <>
Filesystem           1K-blocks      Used Available Use% Mounted on
/dev/sda6            900198956  54777048 845421908   7% /var/lib/condor/execute
/var/lib/condor/execute/slot3/dir_20880
URL: <<http://proxy.chtc.wisc.edu/SQUID/>>
Curl attempt:<curl -H "Pragma:" --fail -o SLIBS1.tar.gz http://proxy.chtc.wisc.edu/SQUID/SLIBS1.tar.gz>
  % Total    % Received % Xferd  Average Speed   Time    Time     Time  Current
                                 Dload  Upload   Total   Spent    Left  Speed
  0     0    0     0    0     0      0      0 --:--:-- --:--:-- --:--:--     0100 4593k  100 4593k    0     0  99.5M      0 --:--:-- --:--:-- --:--:--  104M
Curl result <0>
TYPE = Other, checking for operating system dependent bin for<sl6>
In HandleSl5Sl6Bins for OS <sl6> ******************************************
/var/lib/condor/execute/slot3/dir_20880
AuditLog.32360.2
CURLTIME_20953
ChtcWrapper32360.2.out
SLIBS1.tar.gz
SS
_condor_stderr
_condor_stdout
chtcinnerwrapper
condor_exec.exe
cuneiform-page-0001.html
cuneiform-page-0002.html
cuneiform-page-0003.html
cuneiform-page-0004.html
cuneiform-page-0005.html
cuneiform_fonttype
do.sh
input.text
looking to untar <sl6bin.tar.gz> ********************************************
looking for bin <sl6bin> ********************************************
HASHBIN has value ZERO ???????????????? *************************
version not defined. No runtime needed. Moving on.
SANDBOX SPACE:
19M	.
Tar file to extract is <32360.2.tar.gz>
Use of uninitialized value in concatenation (.) or string at ./chtcinnerwrapper line 670.
Running here: e187.chtc.wisc.edu
TMP=/var/lib/condor/execute/slot3/dir_20880
_CONDOR_JOB_IWD=/var/lib/condor/execute/slot3/dir_20880
_CONDOR_SLOT=slot3
_CONDOR_MACHINE_AD=/var/lib/condor/execute/slot3/dir_20880/.machine.ad
TEMP=/var/lib/condor/execute/slot3/dir_20880
TMPDIR=/var/lib/condor/execute/slot3/dir_20880
_CONDOR_SCRATCH_DIR=/var/lib/condor/execute/slot3/dir_20880
_CONDOR_JOB_AD=/var/lib/condor/execute/slot3/dir_20880/.job.ad
_CONDOR_JOB_PIDS=
PATH=.:/usr/local/bin:/usr/kerberos/bin:/usr/bin:/bin
LD_LIBRARY_PATH=/var/lib/condor/execute/slot3/dir_20880/SS:
SANDBOX SPACE:
19M	.
total 5516
-rw-r--r-- 1 slot3 slot3     115 Oct 28 16:03 AuditLog.32360.2
-rw-r--r-- 1 slot3 slot3     118 Oct 28 16:03 CURLTIME_20953
-rw-r--r-- 1 slot3 slot3    3414 Oct 28 16:03 ChtcWrapper32360.2.out
-rw-r--r-- 1 slot3 slot3 4703655 Oct 28 16:03 SLIBS1.tar.gz
drwxr-xr-x 2 slot3 slot3    4096 Oct 25  2011 SS
-rw------- 1 slot3 slot3     317 Oct 28 16:03 _condor_stderr
-rw------- 1 slot3 slot3     712 Oct 28 16:03 _condor_stdout
-rwxr-xr-x 1 slot3 slot3   35251 Oct 28 16:03 chtcinnerwrapper
-rwxr-xr-x 1 slot3 slot3    5393 Oct 28 16:03 condor_exec.exe
-rwxr-xr-x 1 slot3 slot3   58001 Oct 28 16:03 cuneiform-page-0001.html
-rwxr-xr-x 1 slot3 slot3   95947 Oct 28 16:03 cuneiform-page-0002.html
-rwxr-xr-x 1 slot3 slot3  103632 Oct 28 16:03 cuneiform-page-0003.html
-rwxr-xr-x 1 slot3 slot3   87190 Oct 28 16:03 cuneiform-page-0004.html
-rwxr-xr-x 1 slot3 slot3   75538 Oct 28 16:03 cuneiform-page-0005.html
drwxr-xr-x 2 slot3 slot3      31 Oct 28 16:03 cuneiform_fonttype
-rw-r--r-- 1 slot3 slot3      94 Oct 28 16:03 do.sh
-rwxr-xr-x 1 slot3 slot3  245909 Oct 28 16:03 input.text
chmod: cannot access `sh': No such file or directory
/bin/sleep
about to execute <<sh do.sh>>
SANDBOX SPACE:
20M	.
Done Running 32360.2 /var/lib/condor/execute/slot3/dir_20880 Result was <0>
Results are:total 5660
-rw-r--r-- 1 slot3 slot3     260 Oct 28 16:03 AuditLog.32360.2
-rw-r--r-- 1 slot3 slot3     118 Oct 28 16:03 CURLTIME_20953
-rw-r--r-- 1 slot3 slot3    4706 Oct 28 16:03 ChtcWrapper32360.2.out
-rw-r--r-- 1 slot3 slot3 4703655 Oct 28 16:03 SLIBS1.tar.gz
drwxr-xr-x 2 slot3 slot3    4096 Oct 25  2011 SS
-rw------- 1 slot3 slot3     317 Oct 28 16:03 _condor_stderr
-rw------- 1 slot3 slot3     712 Oct 28 16:03 _condor_stdout
-rwxr-xr-x 1 slot3 slot3   35251 Oct 28 16:03 chtcinnerwrapper
-rwxr-xr-x 1 slot3 slot3    5393 Oct 28 16:03 condor_exec.exe
-rwxr-xr-x 1 slot3 slot3   58001 Oct 28 16:03 cuneiform-page-0001.html
-rwxr-xr-x 1 slot3 slot3   95947 Oct 28 16:03 cuneiform-page-0002.html
-rwxr-xr-x 1 slot3 slot3  103632 Oct 28 16:03 cuneiform-page-0003.html
-rwxr-xr-x 1 slot3 slot3   87190 Oct 28 16:03 cuneiform-page-0004.html
-rwxr-xr-x 1 slot3 slot3   75538 Oct 28 16:03 cuneiform-page-0005.html
drwxr-xr-x 2 slot3 slot3      31 Oct 28 16:03 cuneiform_fonttype
-rw-r--r-- 1 slot3 slot3      94 Oct 28 16:03 do.sh
-rw-r--r-- 1 slot3 slot3  140371 Oct 28 16:03 fonts.text
-rwxr-xr-x 1 slot3 slot3  245909 Oct 28 16:03 input.text
drwxr-xr-x 2 slot3 slot3    4096 Oct 28 16:03 rs
